SF:lib/src/cubit/collected_colors_cubit.dart
DA:7,15
DA:9,1
DA:10,1
DA:11,2
DA:12,2
DA:13,1
DA:16,3
DA:18,1
DA:19,7
LF:9
LH:9
end_of_record
SF:lib/src/cubit/favourites_cubit.dart
DA:6,12
DA:8,1
DA:9,2
DA:10,1
DA:11,1
DA:13,1
DA:15,1
DA:18,3
LF:8
LH:8
end_of_record
SF:lib/src/cubit/tts_cubit.dart
DA:11,7
DA:13,7
DA:18,1
DA:19,1
DA:20,1
DA:21,3
DA:23,2
DA:25,5
DA:26,4
DA:29,2
DA:32,1
DA:33,1
DA:34,2
DA:35,1
DA:36,3
DA:44,3
DA:46,2
DA:47,1
DA:48,3
DA:57,1
DA:58,2
DA:59,1
DA:60,3
DA:65,2
LF:24
LH:24
end_of_record
SF:lib/src/cubit/tts_state.dart
DA:6,5
DA:16,1
DA:17,4
DA:19,1
DA:25,1
DA:26,1
DA:27,1
DA:29,1
LF:8
LH:8
end_of_record
SF:lib/src/bloc/image_viewer_bloc.dart
DA:15,9
DA:17,18
DA:18,18
DA:19,18
DA:20,18
DA:21,18
DA:22,18
DA:23,18
DA:34,4
DA:35,16
DA:40,4
DA:41,4
DA:42,8
DA:43,8
DA:46,8
DA:51,4
DA:52,4
DA:53,8
DA:54,8
DA:58,1
DA:59,1
DA:60,2
LF:22
LH:22
end_of_record
SF:lib/src/bloc/bloc_handlers.dart
DA:4,17
DA:8,12
DA:12,16
DA:15,8
DA:16,16
DA:17,16
DA:20,4
DA:21,8
DA:22,8
DA:23,8
DA:24,8
DA:25,8
DA:26,8
DA:29,12
DA:30,4
DA:31,20
DA:32,4
DA:33,4
DA:34,8
DA:35,1
DA:36,3
DA:40,4
DA:41,0
DA:44,4
DA:48,4
DA:49,8
DA:50,4
DA:55,9
DA:56,4
DA:58,8
DA:59,2
DA:60,4
DA:66,6
DA:68,21
DA:71,4
DA:76,12
DA:77,2
DA:80,3
DA:81,3
DA:82,1
DA:83,2
DA:90,2
DA:91,6
DA:92,6
DA:94,2
DA:95,4
DA:102,3
DA:103,3
DA:105,1
DA:106,2
DA:113,8
DA:117,13
DA:118,6
DA:119,8
DA:120,2
DA:127,6
DA:128,8
DA:129,6
DA:130,2
DA:132,2
DA:133,4
DA:139,2
DA:141,6
DA:142,2
DA:148,3
DA:149,3
DA:156,2
DA:157,4
DA:158,0
DA:159,0
DA:160,0
DA:161,0
DA:162,0
DA:172,2
DA:173,12
DA:175,13
DA:176,6
DA:179,15
DA:183,12
DA:186,15
DA:190,9
DA:193,9
DA:197,0
LF:83
LH:76
end_of_record
SF:lib/src/data/datasources/image_remote_datasource.dart
DA:13,2
DA:14,2
DA:18,1
DA:20,2
DA:21,1
DA:23,1
DA:24,1
DA:28,1
DA:29,1
DA:30,1
DA:31,1
LF:11
LH:11
end_of_record
SF:lib/src/di/image_viewer_module.dart
DA:12,1
DA:13,1
DA:14,2
DA:17,1
DA:18,2
DA:19,1
DA:20,1
DA:24,1
DA:25,3
DA:28,1
DA:29,3
DA:32,3
DA:33,3
LF:13
LH:13
end_of_record
SF:lib/src/bloc/image_viewer_event.dart
DA:6,7
DA:12,4
DA:17,0
DA:21,1
DA:25,4
DA:30,3
DA:34,4
LF:7
LH:6
end_of_record
SF:lib/src/bloc/image_viewer_state.dart
DA:33,9
DA:42,9
DA:43,9
DA:44,9
DA:45,9
DA:52,5
DA:61,5
DA:62,5
DA:63,5
DA:64,5
DA:65,5
DA:66,5
DA:69,4
LF:13
LH:13
end_of_record
SF:lib/src/data/repositories/image_repository_impl.dart
DA:16,4
DA:29,3
DA:34,6
DA:35,3
DA:36,6
DA:37,8
DA:40,6
DA:42,5
DA:43,5
DA:46,3
DA:54,6
DA:55,1
DA:58,6
DA:60,9
DA:64,3
DA:65,3
DA:67,9
DA:70,9
DA:73,6
DA:74,9
DA:75,2
DA:76,4
DA:80,6
DA:83,3
DA:84,3
DA:88,3
DA:91,6
DA:92,3
DA:93,1
DA:94,1
DA:95,1
DA:97,2
DA:106,1
DA:110,15
DA:111,2
DA:112,1
DA:113,1
DA:114,2
DA:124,9
DA:125,3
DA:126,3
DA:129,3
DA:133,3
DA:135,1
DA:136,3
DA:137,2
DA:138,1
DA:142,9
DA:143,2
DA:144,1
LF:50
LH:50
end_of_record
SF:lib/src/view/pages/carousel_scope.dart
DA:5,2
DA:36,2
DA:38,2
DA:48,0
DA:49,0
DA:52,0
DA:54,0
DA:56,0
DA:57,0
DA:58,0
DA:60,0
DA:61,0
DA:62,0
DA:65,0
DA:67,0
DA:69,0
DA:70,0
DA:71,0
DA:72,0
DA:73,0
DA:74,0
DA:77,0
DA:81,2
DA:83,2
DA:86,2
DA:88,2
DA:89,6
DA:90,2
DA:91,4
DA:92,2
DA:93,2
DA:94,1
DA:98,2
DA:99,4
DA:100,4
DA:102,10
DA:103,6
DA:104,4
DA:108,4
DA:109,4
DA:113,1
DA:115,1
DA:116,1
DA:117,2
DA:118,2
DA:119,2
DA:120,1
DA:121,1
DA:123,2
DA:127,2
DA:129,4
DA:130,4
DA:132,4
DA:133,2
DA:136,2
DA:138,4
DA:139,4
DA:140,4
DA:142,2
DA:144,2
DA:145,2
DA:146,2
DA:147,2
DA:149,2
DA:152,2
DA:153,4
DA:154,2
DA:156,2
DA:157,6
DA:159,2
DA:160,2
DA:161,4
DA:164,2
DA:172,2
DA:173,2
DA:174,2
DA:176,2
DA:177,2
DA:178,6
DA:179,0
DA:180,0
DA:183,2
DA:184,8
DA:185,6
DA:191,2
DA:192,6
DA:193,4
DA:194,4
DA:195,4
DA:198,0
DA:199,0
DA:200,0
DA:202,0
DA:203,0
DA:205,0
DA:208,0
DA:213,2
DA:214,6
DA:216,6
DA:225,2
DA:230,2
DA:231,2
DA:237,2
DA:239,2
DA:240,2
DA:243,0
DA:245,0
DA:246,0
DA:249,2
DA:250,10
DA:251,8
DA:252,6
DA:253,6
DA:254,2
DA:255,4
DA:260,2
LF:116
LH:85
end_of_record
SF:lib/src/view/pages/image_viewer_main_view.dart
DA:30,2
DA:31,4
DA:32,2
DA:33,2
DA:34,4
DA:35,10
DA:41,2
DA:42,2
DA:43,2
DA:44,4
DA:45,8
DA:47,4
DA:49,4
DA:50,6
DA:51,2
DA:52,2
DA:53,0
DA:54,2
DA:62,2
DA:71,2
DA:73,2
DA:74,2
DA:75,2
DA:81,2
DA:86,2
DA:87,2
DA:97,2
DA:99,2
DA:100,4
DA:101,4
DA:105,2
DA:106,2
DA:108,0
DA:112,4
DA:116,0
DA:117,0
DA:118,0
DA:119,0
DA:123,2
DA:125,4
DA:126,2
DA:129,2
DA:130,6
DA:133,0
DA:134,0
DA:135,0
DA:136,0
DA:137,0
DA:138,0
DA:139,0
DA:140,0
DA:143,0
DA:146,0
DA:147,0
DA:148,0
DA:152,0
DA:154,0
DA:156,0
DA:157,0
DA:161,2
DA:163,2
DA:164,2
DA:166,2
DA:167,2
DA:168,4
DA:169,4
DA:170,2
DA:171,2
DA:172,10
DA:173,6
DA:174,6
DA:176,2
DA:177,6
DA:178,2
DA:179,1
DA:180,2
DA:181,1
DA:183,2
DA:184,1
DA:185,2
DA:187,2
DA:197,2
DA:198,4
DA:199,4
DA:202,4
DA:203,4
DA:204,2
DA:206,6
DA:207,6
DA:208,2
DA:214,2
DA:215,0
DA:217,2
DA:218,1
DA:221,2
DA:223,4
DA:225,2
DA:228,2
DA:230,2
DA:232,2
DA:233,2
DA:234,2
DA:235,0
DA:236,0
DA:237,4
DA:238,0
DA:239,0
DA:240,4
DA:245,2
DA:254,2
DA:256,2
DA:257,2
DA:258,2
DA:259,2
DA:260,2
DA:263,2
DA:265,2
DA:271,2
DA:274,2
DA:275,8
DA:276,8
DA:277,8
DA:278,2
DA:279,6
DA:283,8
LF:125
LH:98
end_of_record
SF:lib/src/view/flow/image_viewer_flow.dart
DA:20,1
DA:41,1
DA:42,1
DA:48,1
DA:49,3
DA:52,1
DA:54,2
DA:55,1
DA:56,1
DA:57,1
DA:58,1
DA:59,2
DA:61,1
DA:62,1
DA:63,1
DA:65,1
DA:67,1
DA:69,1
DA:70,2
DA:71,0
DA:72,0
DA:73,0
DA:76,1
DA:78,1
DA:79,1
DA:80,1
DA:81,1
DA:82,1
DA:83,1
DA:85,1
DA:87,1
DA:88,2
DA:89,4
DA:90,0
LF:34
LH:30
end_of_record
SF:lib/src/domain/exceptions/image_viewer_exceptions.dart
DA:3,3
DA:5,1
DA:6,1
LF:3
LH:3
end_of_record
SF:lib/src/utils/image_provider_utils.dart
DA:9,3
DA:11,12
DA:12,6
DA:14,2
DA:15,3
DA:17,3
DA:18,2
LF:7
LH:7
end_of_record
SF:lib/src/view/widgets/alerts/custom_dialog.dart
DA:6,2
DA:12,6
DA:13,2
DA:15,4
DA:18,0
DA:23,2
DA:24,2
DA:28,2
DA:30,2
DA:31,2
DA:33,2
DA:34,2
DA:35,2
DA:36,2
DA:38,6
DA:40,2
DA:42,2
DA:44,2
DA:46,2
DA:47,2
DA:48,2
DA:49,4
DA:50,2
LF:23
LH:22
end_of_record
SF:lib/src/view/widgets/background/floating_collected_colors.dart
DA:15,4
DA:17,2
DA:18,2
DA:28,2
DA:30,2
DA:31,6
DA:32,4
DA:35,2
DA:37,4
DA:38,2
DA:41,2
DA:42,14
DA:43,4
DA:44,2
DA:45,0
DA:46,0
DA:47,0
DA:48,0
DA:49,0
DA:52,4
DA:55,2
DA:59,2
DA:60,2
DA:61,0
DA:62,0
DA:66,8
DA:67,0
DA:68,0
DA:69,0
DA:70,0
DA:71,0
DA:72,0
DA:75,8
DA:76,0
DA:78,6
DA:79,0
DA:83,2
DA:85,2
DA:86,2
DA:87,2
DA:88,2
DA:89,2
DA:91,2
DA:92,2
DA:93,6
DA:94,8
DA:95,2
DA:96,6
DA:97,2
DA:98,4
DA:99,2
DA:100,6
DA:104,4
DA:108,0
DA:109,0
DA:110,0
DA:112,0
DA:113,0
DA:114,0
DA:115,0
DA:116,0
DA:117,0
DA:118,0
DA:119,0
DA:134,0
DA:150,0
DA:155,0
DA:157,0
DA:158,0
DA:159,0
DA:162,0
DA:163,0
DA:164,0
LF:73
LH:38
end_of_record
SF:lib/src/view/widgets/background/image_viewer_background.dart
DA:8,2
DA:18,4
DA:26,2
DA:27,2
DA:31,2
DA:33,2
DA:34,2
DA:35,4
DA:36,6
DA:37,0
DA:38,0
DA:40,2
DA:45,2
DA:46,2
DA:47,2
DA:48,2
DA:49,2
DA:50,2
DA:51,2
DA:52,2
DA:53,6
LF:21
LH:19
end_of_record
SF:lib/src/view/widgets/control_bar/control_bar.dart
DA:28,3
DA:39,3
DA:40,3
DA:52,3
DA:53,10
DA:55,3
DA:56,10
DA:60,3
DA:61,6
DA:62,5
DA:65,3
DA:67,3
DA:68,6
DA:69,9
DA:70,6
DA:74,3
DA:76,3
DA:77,3
DA:79,15
DA:81,2
DA:82,2
DA:83,2
DA:88,3
DA:90,9
DA:91,6
DA:92,3
DA:95,0
DA:96,0
DA:97,0
DA:98,0
DA:99,0
DA:103,0
DA:104,0
DA:107,0
DA:108,0
DA:109,0
DA:111,0
DA:112,0
DA:113,0
DA:115,0
DA:117,0
DA:118,0
DA:120,0
DA:121,0
DA:124,1
DA:125,2
DA:126,3
DA:128,2
DA:129,3
DA:133,1
DA:134,3
DA:135,2
DA:136,1
DA:137,1
DA:139,2
DA:140,1
DA:142,1
DA:143,1
DA:144,1
DA:148,2
DA:149,3
DA:152,3
DA:153,3
DA:155,3
DA:157,3
DA:158,3
DA:159,3
DA:160,3
DA:161,3
DA:162,3
DA:164,3
DA:165,3
DA:166,3
DA:168,3
DA:169,3
DA:172,3
DA:173,6
DA:174,5
DA:175,6
DA:176,9
DA:177,6
DA:178,5
DA:179,6
DA:180,9
DA:183,3
DA:184,3
DA:186,6
DA:187,5
DA:188,6
DA:189,9
DA:194,3
DA:201,3
DA:203,3
DA:204,3
DA:205,3
DA:206,3
DA:207,3
DA:220,3
DA:221,3
DA:222,3
DA:223,6
DA:224,3
DA:227,3
DA:228,3
DA:229,3
DA:232,3
DA:233,6
DA:234,6
DA:235,6
DA:237,6
DA:238,3
DA:239,6
DA:242,3
DA:243,0
DA:244,0
DA:246,6
DA:249,6
DA:269,9
DA:270,3
DA:273,3
DA:275,3
DA:276,2
DA:277,6
DA:278,2
DA:279,3
DA:283,3
DA:285,3
DA:286,3
DA:287,3
DA:288,3
DA:290,3
DA:291,3
DA:293,3
DA:294,3
DA:295,3
DA:296,9
DA:297,9
DA:298,3
DA:299,6
DA:300,6
DA:301,3
DA:302,4
DA:303,2
DA:304,2
DA:305,0
DA:312,3
DA:313,6
DA:314,3
DA:319,6
DA:320,3
DA:321,6
DA:323,3
DA:324,3
DA:325,6
DA:326,4
LF:155
LH:134
end_of_record
SF:lib/src/view/widgets/image_carousel.dart
DA:9,2
DA:32,2
DA:33,2
DA:45,2
DA:47,2
DA:48,2
DA:49,2
DA:50,4
DA:51,4
DA:52,6
DA:53,2
DA:55,0
DA:59,0
DA:61,6
DA:62,2
DA:63,4
DA:64,0
DA:65,2
DA:69,0
DA:70,0
DA:71,0
DA:72,0
DA:73,0
DA:75,0
DA:76,0
DA:79,2
DA:81,6
DA:82,2
DA:83,2
DA:86,2
DA:87,16
DA:88,2
DA:91,0
DA:92,0
DA:93,0
DA:96,2
DA:97,8
DA:101,2
DA:102,4
DA:103,4
DA:105,8
DA:107,2
DA:108,12
DA:110,2
DA:112,4
DA:113,2
DA:115,2
DA:116,2
DA:117,2
DA:121,0
DA:123,0
DA:124,0
DA:127,0
DA:128,0
DA:131,0
DA:134,2
DA:135,6
DA:136,4
DA:142,0
DA:145,0
DA:148,2
DA:150,6
DA:151,2
DA:153,2
DA:154,4
DA:155,2
DA:156,4
DA:159,2
DA:162,6
DA:163,2
DA:164,2
DA:165,6
DA:166,4
DA:167,2
DA:168,2
DA:170,2
DA:171,2
DA:172,2
DA:177,2
DA:178,6
DA:180,8
DA:181,4
DA:183,6
DA:184,0
DA:185,0
DA:187,0
DA:190,1
LF:87
LH:63
end_of_record
SF:lib/src/view/widgets/loading/background_loading_indicator.dart
DA:7,4
DA:20,4
DA:22,4
DA:23,4
DA:24,12
DA:25,4
DA:26,8
DA:27,4
DA:28,4
DA:31,4
DA:33,16
LF:11
LH:11
end_of_record
SF:lib/src/view/widgets/background/liquid_background.dart
DA:12,0
DA:18,0
DA:21,0
DA:22,0
DA:25,0
DA:29,0
DA:30,0
DA:31,0
DA:32,0
DA:33,0
DA:34,0
DA:37,0
DA:38,0
DA:41,0
DA:43,0
DA:50,2
DA:55,4
DA:59,2
DA:60,2
DA:66,2
DA:67,4
DA:68,0
DA:69,0
DA:70,0
DA:75,2
DA:76,2
DA:77,2
DA:78,6
DA:79,4
DA:80,8
DA:81,8
DA:82,2
DA:97,2
DA:99,2
DA:100,2
DA:101,4
DA:104,2
DA:105,4
DA:109,6
DA:110,2
DA:113,2
DA:114,4
DA:116,2
DA:117,4
DA:118,2
DA:120,2
DA:121,6
DA:122,2
DA:126,2
DA:127,2
DA:128,4
DA:129,2
DA:130,6
DA:133,6
DA:134,2
DA:135,4
DA:138,2
DA:139,2
DA:140,6
DA:141,4
DA:142,8
DA:146,2
DA:149,2
DA:150,0
DA:152,8
DA:156,0
DA:158,0
DA:159,0
DA:160,0
DA:161,0
DA:162,0
DA:166,2
DA:168,4
DA:169,6
DA:170,4
DA:171,4
DA:172,2
DA:175,2
DA:177,4
DA:178,2
DA:179,0
DA:181,2
DA:182,2
DA:183,2
DA:188,0
DA:191,2
DA:192,2
DA:194,4
DA:198,0
DA:199,0
DA:200,0
DA:201,0
DA:202,0
DA:203,0
DA:204,0
DA:205,0
DA:207,0
DA:208,0
DA:209,0
DA:220,2
DA:224,2
DA:226,2
DA:227,2
DA:230,6
DA:231,18
DA:232,0
DA:234,2
DA:236,6
DA:240,0
DA:242,0
LF:110
LH:69
end_of_record
SF:lib/src/view/widgets/control_bar/control_bar_main_button.dart
DA:8,4
DA:25,4
DA:26,4
DA:30,1
DA:32,1
DA:33,4
DA:34,0
DA:38,4
DA:40,4
DA:42,4
DA:43,2
DA:44,10
DA:45,6
DA:46,10
DA:47,4
DA:48,0
DA:49,0
DA:50,0
DA:51,4
DA:52,12
DA:53,4
DA:56,8
DA:57,4
DA:58,4
DA:62,4
DA:63,4
DA:67,4
DA:69,6
DA:71,8
DA:72,3
DA:73,8
DA:74,2
DA:75,4
DA:76,4
DA:78,4
DA:79,8
DA:84,0
DA:85,8
DA:87,8
DA:88,0
DA:89,4
DA:91,8
DA:92,4
DA:93,4
LF:44
LH:38
end_of_record
SF:lib/src/view/widgets/control_bar/favourite_button.dart
DA:8,4
DA:18,4
DA:20,8
DA:21,4
DA:23,4
DA:24,4
DA:25,4
DA:26,8
DA:27,8
DA:28,4
DA:29,1
DA:30,1
DA:31,2
DA:34,8
DA:38,8
LF:15
LH:15
end_of_record
SF:lib/src/view/widgets/helper_widgets/measure_size.dart
DA:5,3
DA:10,3
DA:11,3
DA:17,3
DA:19,3
DA:20,12
DA:23,3
DA:24,3
DA:25,6
DA:26,3
DA:27,6
DA:28,3
DA:29,9
DA:33,1
DA:35,1
DA:36,4
DA:37,4
DA:41,3
DA:43,6
LF:19
LH:19
end_of_record
SF:lib/src/view/widgets/notch.dart
DA:8,4
DA:10,3
DA:12,3
DA:13,3
DA:14,3
DA:15,3
DA:16,3
DA:19,3
DA:20,3
DA:21,3
DA:23,3
DA:24,3
DA:26,3
DA:30,12
DA:31,3
LF:15
LH:15
end_of_record
SF:lib/src/view/widgets/gyro/gyro_parallax_card.dart
DA:14,4
DA:32,4
DA:33,4
DA:50,4
DA:52,4
DA:53,8
DA:54,4
DA:58,4
DA:60,4
DA:61,16
DA:62,12
DA:63,2
DA:64,0
DA:66,1
DA:67,1
DA:72,4
DA:73,4
DA:74,8
DA:77,3
DA:78,1
DA:79,8
DA:81,0
DA:83,0
DA:84,0
DA:86,0
DA:89,4
DA:93,4
DA:94,5
DA:95,4
DA:96,4
DA:99,1
DA:100,1
DA:101,1
DA:102,2
DA:105,1
DA:106,2
DA:108,3
DA:109,2
DA:110,2
DA:120,6
DA:121,5
DA:124,4
DA:125,4
DA:128,2
DA:129,5
DA:130,5
DA:132,2
DA:135,4
DA:137,4
DA:138,8
DA:139,4
DA:142,4
DA:144,12
DA:145,8
DA:148,1
DA:149,1
DA:150,1
DA:152,1
DA:153,1
DA:155,1
DA:156,1
DA:157,1
DA:158,1
DA:159,2
LF:64
LH:59
end_of_record
SF:lib/src/view/widgets/image_square/image_viewer.dart
DA:12,3
DA:31,3
DA:32,3
DA:37,0
DA:39,0
DA:42,0
DA:43,0
DA:46,1
DA:48,1
DA:50,4
DA:51,0
DA:55,0
DA:56,0
DA:57,0
DA:61,3
DA:63,3
DA:66,3
DA:67,6
DA:69,3
DA:72,8
DA:73,3
DA:75,3
DA:77,3
DA:85,3
DA:86,3
DA:87,3
DA:88,3
DA:89,3
DA:91,3
DA:92,3
DA:94,3
DA:96,3
DA:97,12
DA:98,3
DA:99,9
DA:100,9
DA:101,9
DA:102,9
DA:110,6
DA:111,1
DA:112,0
DA:113,2
DA:114,2
DA:115,1
DA:117,1
DA:118,0
DA:119,0
LF:47
LH:36
end_of_record
SF:lib/src/view/widgets/image_square/image_viewer_body.dart
DA:14,2
DA:23,2
DA:24,12
DA:26,2
DA:31,2
DA:32,2
DA:33,2
DA:34,4
DA:36,4
DA:37,4
DA:38,2
DA:39,6
DA:42,2
DA:45,4
DA:48,6
DA:50,2
DA:51,2
DA:52,2
DA:53,2
DA:54,4
DA:56,6
DA:57,4
DA:62,4
DA:65,2
DA:67,2
DA:71,2
DA:73,2
DA:75,2
DA:76,2
DA:77,2
DA:79,2
DA:80,2
DA:85,6
DA:90,2
DA:91,4
DA:92,2
DA:93,0
DA:96,2
DA:97,2
DA:99,2
DA:102,2
DA:107,6
LF:42
LH:41
end_of_record
SF:lib/src/view/widgets/image_square/image_viewer_square.dart
DA:11,3
DA:26,3
DA:28,3
DA:30,3
DA:32,12
DA:34,3
DA:36,3
DA:37,3
DA:38,3
DA:39,6
DA:41,3
DA:47,3
DA:48,3
DA:50,3
DA:51,6
DA:52,0
DA:53,0
DA:54,0
DA:55,0
DA:57,0
DA:58,0
DA:60,0
DA:67,12
DA:68,3
DA:69,3
DA:71,3
DA:77,3
DA:78,3
DA:80,3
DA:81,0
DA:82,3
DA:83,3
DA:84,3
DA:85,3
DA:86,3
DA:87,3
LF:36
LH:28
end_of_record
SF:lib/src/view/widgets/image_square/palette_explosion.dart
DA:15,2
DA:22,2
DA:23,2
DA:34,2
DA:36,2
DA:37,4
DA:40,2
DA:42,4
DA:50,2
DA:52,4
DA:53,4
DA:54,2
DA:57,0
DA:58,0
DA:59,0
DA:61,0
DA:62,0
DA:63,0
DA:66,0
DA:67,0
DA:68,0
DA:69,0
DA:71,0
DA:74,2
DA:76,2
DA:77,0
DA:78,0
DA:79,2
DA:80,8
DA:81,2
DA:86,2
DA:87,2
DA:88,4
DA:89,2
DA:91,2
DA:92,2
DA:94,2
DA:96,2
DA:97,0
DA:98,0
DA:99,0
DA:100,0
DA:102,0
DA:104,2
DA:107,2
DA:108,2
DA:110,10
DA:111,12
DA:113,2
DA:114,4
DA:115,2
DA:116,2
DA:118,2
DA:120,10
DA:124,4
DA:125,4
DA:127,2
DA:128,2
DA:129,2
DA:134,4
DA:137,2
DA:140,2
DA:141,0
DA:142,8
DA:143,2
DA:145,2
DA:146,2
DA:147,2
DA:148,2
DA:149,4
DA:150,2
DA:151,2
DA:155,2
DA:156,2
DA:157,2
DA:158,2
DA:159,2
DA:160,2
DA:161,6
DA:163,2
DA:164,2
DA:166,8
DA:190,2
DA:191,2
DA:192,0
DA:193,0
DA:195,0
LF:87
LH:65
end_of_record
